<?xml version="1.0" encoding="UTF-8"?>
<!-- Generated by org.testng.reporters.JUnitReportReporter -->
<testsuite skipped="0" hostname="Naumans-PC" name="com.bank.testsuite.BankTest" tests="5" failures="0" timestamp="2022-12-13T21:42:10 GMT" time="37.288" errors="0">
  <testcase name="customerShouldDepositMoneySuccessfully" time="4.839" classname="com.bank.testsuite.BankTest"/>
  <system-out>
    <![CDATA[The home page options are [[[ChromeDriver: chrome on WINDOWS (ad054979a7ef1be107200120e9f6a98a)] -> xpath: //div[@class='borderM box padT20']//button], [[ChromeDriver: chrome on WINDOWS (ad054979a7ef1be107200120e9f6a98a)] -> xpath: //div[@class='borderM box padT20']//button]]
The Bank manager options are [[[ChromeDriver: chrome on WINDOWS (ad054979a7ef1be107200120e9f6a98a)] -> xpath: //div[@class='center']//button[@class='btn btn-lg tab']], [[ChromeDriver: chrome on WINDOWS (ad054979a7ef1be107200120e9f6a98a)] -> xpath: //div[@class='center']//button[@class='btn btn-lg tab']], [[ChromeDriver: chrome on WINDOWS (ad054979a7ef1be107200120e9f6a98a)] -> xpath: //div[@class='center']//button[@class='btn btn-lg tab']]]
Enter First Name  Prime[[ChromeDriver: chrome on WINDOWS (ad054979a7ef1be107200120e9f6a98a)] -> xpath: //input[@placeholder='First Name']]
Enter Last Name  Testing[[ChromeDriver: chrome on WINDOWS (ad054979a7ef1be107200120e9f6a98a)] -> xpath: //input[@placeholder='Last Name']]
Enter Postcode  BB1 [[ChromeDriver: chrome on WINDOWS (ad054979a7ef1be107200120e9f6a98a)] -> xpath: //input[@placeholder='Post Code']]
Click on Add Customer Button [[ChromeDriver: chrome on WINDOWS (ad054979a7ef1be107200120e9f6a98a)] -> xpath: //button[@class='btn btn-default']]
The Bank manager options are [[[ChromeDriver: chrome on WINDOWS (ad054979a7ef1be107200120e9f6a98a)] -> xpath: //div[@class='center']//button[@class='btn btn-lg tab']], [[ChromeDriver: chrome on WINDOWS (ad054979a7ef1be107200120e9f6a98a)] -> xpath: //div[@class='center']//button[@class='btn btn-lg tab']], [[ChromeDriver: chrome on WINDOWS (ad054979a7ef1be107200120e9f6a98a)] -> xpath: //div[@class='center']//button[@class='btn btn-lg tab']]]
Select Your Name [[ChromeDriver: chrome on WINDOWS (ad054979a7ef1be107200120e9f6a98a)] -> xpath: //select[@id='userSelect']]
Select currency [[[ChromeDriver: chrome on WINDOWS (ad054979a7ef1be107200120e9f6a98a)] -> xpath: //select[@id='currency']//option[@value]], [[ChromeDriver: chrome on WINDOWS (ad054979a7ef1be107200120e9f6a98a)] -> xpath: //select[@id='currency']//option[@value]], [[ChromeDriver: chrome on WINDOWS (ad054979a7ef1be107200120e9f6a98a)] -> xpath: //select[@id='currency']//option[@value]], [[ChromeDriver: chrome on WINDOWS (ad054979a7ef1be107200120e9f6a98a)] -> xpath: //select[@id='currency']//option[@value]]]
Click on Process Button [[ChromeDriver: chrome on WINDOWS (ad054979a7ef1be107200120e9f6a98a)] -> xpath: //button[contains(text(),'Process')]]
Click on Home Button [[ChromeDriver: chrome on WINDOWS (ad054979a7ef1be107200120e9f6a98a)] -> xpath: //button[contains(text(),'Home')]]
Click on login button[[ChromeDriver: chrome on WINDOWS (ad054979a7ef1be107200120e9f6a98a)] -> xpath: //button[contains(text(),'Customer Login')]]
Select Your Name [[ChromeDriver: chrome on WINDOWS (ad054979a7ef1be107200120e9f6a98a)] -> xpath: //select[@id='userSelect']]
Click on Customer Login Button [[ChromeDriver: chrome on WINDOWS (ad054979a7ef1be107200120e9f6a98a)] -> xpath: //button[@type='submit']]
The customer options are [[[ChromeDriver: chrome on WINDOWS (ad054979a7ef1be107200120e9f6a98a)] -> xpath: //div[@class='borderM box padT20 ng-scope']/div[3]//button], [[ChromeDriver: chrome on WINDOWS (ad054979a7ef1be107200120e9f6a98a)] -> xpath: //div[@class='borderM box padT20 ng-scope']/div[3]//button], [[ChromeDriver: chrome on WINDOWS (ad054979a7ef1be107200120e9f6a98a)] -> xpath: //div[@class='borderM box padT20 ng-scope']/div[3]//button]]
The deposit amount is [[ChromeDriver: chrome on WINDOWS (ad054979a7ef1be107200120e9f6a98a)] -> xpath: //input[@placeholder='amount']]
Click on Deposit Button [[ChromeDriver: chrome on WINDOWS (ad054979a7ef1be107200120e9f6a98a)] -> xpath: //button[@type='submit']]
Deposit successful [[ChromeDriver: chrome on WINDOWS (ad054979a7ef1be107200120e9f6a98a)] -> xpath: //span[contains(text(),'Deposit Successful')]]
Click to see screenshot
<a target = "_blank" href=C:\Users\nik_7\IdeaProjects\project5-xyzbank-pagefactory-nauman/test-output/html/customerShouldDepositMoneySuccessfullyTue_Dec_13_21_41_51_GMT_2022.jpg>Screenshot</a>
<br>
<br>
<a target = "_blank" href=C:\Users\nik_7\IdeaProjects\project5-xyzbank-pagefactory-nauman/test-output/html/customerShouldDepositMoneySuccessfullyTue_Dec_13_21_41_51_GMT_2022.jpg><img src=C:\Users\nik_7\IdeaProjects\project5-xyzbank-pagefactory-nauman/test-output/html/customerShouldDepositMoneySuccessfullyTue_Dec_13_21_41_51_GMT_2022.jpg height=200 width=200></img></a>]]>
  </system-out>
  <testcase name="customerShouldLoginAndLogoutSuccessfully" time="6.007" classname="com.bank.testsuite.BankTest"/>
  <system-out>
    <![CDATA[The home page options are [[[ChromeDriver: chrome on WINDOWS (eb020eb435a3d5f3e1a48ef4307712b7)] -> xpath: //div[@class='borderM box padT20']//button], [[ChromeDriver: chrome on WINDOWS (eb020eb435a3d5f3e1a48ef4307712b7)] -> xpath: //div[@class='borderM box padT20']//button]]
The Bank manager options are [[[ChromeDriver: chrome on WINDOWS (eb020eb435a3d5f3e1a48ef4307712b7)] -> xpath: //div[@class='center']//button[@class='btn btn-lg tab']], [[ChromeDriver: chrome on WINDOWS (eb020eb435a3d5f3e1a48ef4307712b7)] -> xpath: //div[@class='center']//button[@class='btn btn-lg tab']], [[ChromeDriver: chrome on WINDOWS (eb020eb435a3d5f3e1a48ef4307712b7)] -> xpath: //div[@class='center']//button[@class='btn btn-lg tab']]]
Enter First Name  Prime[[ChromeDriver: chrome on WINDOWS (eb020eb435a3d5f3e1a48ef4307712b7)] -> xpath: //input[@placeholder='First Name']]
Enter Last Name  Testing[[ChromeDriver: chrome on WINDOWS (eb020eb435a3d5f3e1a48ef4307712b7)] -> xpath: //input[@placeholder='Last Name']]
Enter Postcode  BB1 [[ChromeDriver: chrome on WINDOWS (eb020eb435a3d5f3e1a48ef4307712b7)] -> xpath: //input[@placeholder='Post Code']]
Click on Add Customer Button [[ChromeDriver: chrome on WINDOWS (eb020eb435a3d5f3e1a48ef4307712b7)] -> xpath: //button[@class='btn btn-default']]
The Bank manager options are [[[ChromeDriver: chrome on WINDOWS (eb020eb435a3d5f3e1a48ef4307712b7)] -> xpath: //div[@class='center']//button[@class='btn btn-lg tab']], [[ChromeDriver: chrome on WINDOWS (eb020eb435a3d5f3e1a48ef4307712b7)] -> xpath: //div[@class='center']//button[@class='btn btn-lg tab']], [[ChromeDriver: chrome on WINDOWS (eb020eb435a3d5f3e1a48ef4307712b7)] -> xpath: //div[@class='center']//button[@class='btn btn-lg tab']]]
Select Your Name [[ChromeDriver: chrome on WINDOWS (eb020eb435a3d5f3e1a48ef4307712b7)] -> xpath: //select[@id='userSelect']]
Select currency [[[ChromeDriver: chrome on WINDOWS (eb020eb435a3d5f3e1a48ef4307712b7)] -> xpath: //select[@id='currency']//option[@value]], [[ChromeDriver: chrome on WINDOWS (eb020eb435a3d5f3e1a48ef4307712b7)] -> xpath: //select[@id='currency']//option[@value]], [[ChromeDriver: chrome on WINDOWS (eb020eb435a3d5f3e1a48ef4307712b7)] -> xpath: //select[@id='currency']//option[@value]], [[ChromeDriver: chrome on WINDOWS (eb020eb435a3d5f3e1a48ef4307712b7)] -> xpath: //select[@id='currency']//option[@value]]]
Click on Process Button [[ChromeDriver: chrome on WINDOWS (eb020eb435a3d5f3e1a48ef4307712b7)] -> xpath: //button[contains(text(),'Process')]]
Click on Home Button [[ChromeDriver: chrome on WINDOWS (eb020eb435a3d5f3e1a48ef4307712b7)] -> xpath: //button[contains(text(),'Home')]]
Click on login button[[ChromeDriver: chrome on WINDOWS (eb020eb435a3d5f3e1a48ef4307712b7)] -> xpath: //button[contains(text(),'Customer Login')]]
Select Your Name [[ChromeDriver: chrome on WINDOWS (eb020eb435a3d5f3e1a48ef4307712b7)] -> xpath: //select[@id='userSelect']]
Click on Customer Login Button [[ChromeDriver: chrome on WINDOWS (eb020eb435a3d5f3e1a48ef4307712b7)] -> xpath: //button[@type='submit']]
Click on Login Button [[ChromeDriver: chrome on WINDOWS (eb020eb435a3d5f3e1a48ef4307712b7)] -> xpath: //div[@class='box mainhdr']/button[2]]
Click on Logout Button [[ChromeDriver: chrome on WINDOWS (eb020eb435a3d5f3e1a48ef4307712b7)] -> xpath: //div[@class='box mainhdr']/button[2]]
Your Name Text is [[ChromeDriver: chrome on WINDOWS (eb020eb435a3d5f3e1a48ef4307712b7)] -> xpath: //label[contains(text(),'Your Name :')]]
Click to see screenshot
<a target = "_blank" href=C:\Users\nik_7\IdeaProjects\project5-xyzbank-pagefactory-nauman/test-output/html/customerShouldLoginAndLogoutSuccessfullyTue_Dec_13_21_41_57_GMT_2022.jpg>Screenshot</a>
<br>
<br>
<a target = "_blank" href=C:\Users\nik_7\IdeaProjects\project5-xyzbank-pagefactory-nauman/test-output/html/customerShouldLoginAndLogoutSuccessfullyTue_Dec_13_21_41_57_GMT_2022.jpg><img src=C:\Users\nik_7\IdeaProjects\project5-xyzbank-pagefactory-nauman/test-output/html/customerShouldLoginAndLogoutSuccessfullyTue_Dec_13_21_41_57_GMT_2022.jpg height=200 width=200></img></a>]]>
  </system-out>
  <testcase name="bankManagerShouldOpenAccountSuccessfully" time="10.262" classname="com.bank.testsuite.BankTest"/>
  <system-out>
    <![CDATA[The home page options are [[[ChromeDriver: chrome on WINDOWS (0f93466f161bed73135ead2bc805bcb1)] -> xpath: //div[@class='borderM box padT20']//button], [[ChromeDriver: chrome on WINDOWS (0f93466f161bed73135ead2bc805bcb1)] -> xpath: //div[@class='borderM box padT20']//button]]
The Bank manager options are [[[ChromeDriver: chrome on WINDOWS (0f93466f161bed73135ead2bc805bcb1)] -> xpath: //div[@class='center']//button[@class='btn btn-lg tab']], [[ChromeDriver: chrome on WINDOWS (0f93466f161bed73135ead2bc805bcb1)] -> xpath: //div[@class='center']//button[@class='btn btn-lg tab']], [[ChromeDriver: chrome on WINDOWS (0f93466f161bed73135ead2bc805bcb1)] -> xpath: //div[@class='center']//button[@class='btn btn-lg tab']]]
Enter First Name  Prime[[ChromeDriver: chrome on WINDOWS (0f93466f161bed73135ead2bc805bcb1)] -> xpath: //input[@placeholder='First Name']]
Enter Last Name  Testing[[ChromeDriver: chrome on WINDOWS (0f93466f161bed73135ead2bc805bcb1)] -> xpath: //input[@placeholder='Last Name']]
Enter Postcode  BB1 [[ChromeDriver: chrome on WINDOWS (0f93466f161bed73135ead2bc805bcb1)] -> xpath: //input[@placeholder='Post Code']]
Click on Add Customer Button [[ChromeDriver: chrome on WINDOWS (0f93466f161bed73135ead2bc805bcb1)] -> xpath: //button[@class='btn btn-default']]
The Bank manager options are [[[ChromeDriver: chrome on WINDOWS (0f93466f161bed73135ead2bc805bcb1)] -> xpath: //div[@class='center']//button[@class='btn btn-lg tab']], [[ChromeDriver: chrome on WINDOWS (0f93466f161bed73135ead2bc805bcb1)] -> xpath: //div[@class='center']//button[@class='btn btn-lg tab']], [[ChromeDriver: chrome on WINDOWS (0f93466f161bed73135ead2bc805bcb1)] -> xpath: //div[@class='center']//button[@class='btn btn-lg tab']]]
Select Your Name [[ChromeDriver: chrome on WINDOWS (0f93466f161bed73135ead2bc805bcb1)] -> xpath: //select[@id='userSelect']]
Select currency [[[ChromeDriver: chrome on WINDOWS (0f93466f161bed73135ead2bc805bcb1)] -> xpath: //select[@id='currency']//option[@value]], [[ChromeDriver: chrome on WINDOWS (0f93466f161bed73135ead2bc805bcb1)] -> xpath: //select[@id='currency']//option[@value]], [[ChromeDriver: chrome on WINDOWS (0f93466f161bed73135ead2bc805bcb1)] -> xpath: //select[@id='currency']//option[@value]], [[ChromeDriver: chrome on WINDOWS (0f93466f161bed73135ead2bc805bcb1)] -> xpath: //select[@id='currency']//option[@value]]]
Click on Process Button [[ChromeDriver: chrome on WINDOWS (0f93466f161bed73135ead2bc805bcb1)] -> xpath: //button[contains(text(),'Process')]]
Click to see screenshot
<a target = "_blank" href=C:\Users\nik_7\IdeaProjects\project5-xyzbank-pagefactory-nauman/test-output/html/bankManagerShouldOpenAccountSuccessfullyTue_Dec_13_21_41_46_GMT_2022.jpg>Screenshot</a>
<br>
<br>
<a target = "_blank" href=C:\Users\nik_7\IdeaProjects\project5-xyzbank-pagefactory-nauman/test-output/html/bankManagerShouldOpenAccountSuccessfullyTue_Dec_13_21_41_46_GMT_2022.jpg><img src=C:\Users\nik_7\IdeaProjects\project5-xyzbank-pagefactory-nauman/test-output/html/bankManagerShouldOpenAccountSuccessfullyTue_Dec_13_21_41_46_GMT_2022.jpg height=200 width=200></img></a>]]>
  </system-out>
  <testcase name="customerShouldWithdrawMoneySuccessfully" time="12.510" classname="com.bank.testsuite.BankTest"/>
  <system-out>
    <![CDATA[The home page options are [[[ChromeDriver: chrome on WINDOWS (97c5e8023ae56903de011cd3f4439b36)] -> xpath: //div[@class='borderM box padT20']//button], [[ChromeDriver: chrome on WINDOWS (97c5e8023ae56903de011cd3f4439b36)] -> xpath: //div[@class='borderM box padT20']//button]]
The Bank manager options are [[[ChromeDriver: chrome on WINDOWS (97c5e8023ae56903de011cd3f4439b36)] -> xpath: //div[@class='center']//button[@class='btn btn-lg tab']], [[ChromeDriver: chrome on WINDOWS (97c5e8023ae56903de011cd3f4439b36)] -> xpath: //div[@class='center']//button[@class='btn btn-lg tab']], [[ChromeDriver: chrome on WINDOWS (97c5e8023ae56903de011cd3f4439b36)] -> xpath: //div[@class='center']//button[@class='btn btn-lg tab']]]
Enter First Name  Prime[[ChromeDriver: chrome on WINDOWS (97c5e8023ae56903de011cd3f4439b36)] -> xpath: //input[@placeholder='First Name']]
Enter Last Name  Testing[[ChromeDriver: chrome on WINDOWS (97c5e8023ae56903de011cd3f4439b36)] -> xpath: //input[@placeholder='Last Name']]
Enter Postcode  BB1 [[ChromeDriver: chrome on WINDOWS (97c5e8023ae56903de011cd3f4439b36)] -> xpath: //input[@placeholder='Post Code']]
Click on Add Customer Button [[ChromeDriver: chrome on WINDOWS (97c5e8023ae56903de011cd3f4439b36)] -> xpath: //button[@class='btn btn-default']]
The Bank manager options are [[[ChromeDriver: chrome on WINDOWS (97c5e8023ae56903de011cd3f4439b36)] -> xpath: //div[@class='center']//button[@class='btn btn-lg tab']], [[ChromeDriver: chrome on WINDOWS (97c5e8023ae56903de011cd3f4439b36)] -> xpath: //div[@class='center']//button[@class='btn btn-lg tab']], [[ChromeDriver: chrome on WINDOWS (97c5e8023ae56903de011cd3f4439b36)] -> xpath: //div[@class='center']//button[@class='btn btn-lg tab']]]
Select Your Name [[ChromeDriver: chrome on WINDOWS (97c5e8023ae56903de011cd3f4439b36)] -> xpath: //select[@id='userSelect']]
Select currency [[[ChromeDriver: chrome on WINDOWS (97c5e8023ae56903de011cd3f4439b36)] -> xpath: //select[@id='currency']//option[@value]], [[ChromeDriver: chrome on WINDOWS (97c5e8023ae56903de011cd3f4439b36)] -> xpath: //select[@id='currency']//option[@value]], [[ChromeDriver: chrome on WINDOWS (97c5e8023ae56903de011cd3f4439b36)] -> xpath: //select[@id='currency']//option[@value]], [[ChromeDriver: chrome on WINDOWS (97c5e8023ae56903de011cd3f4439b36)] -> xpath: //select[@id='currency']//option[@value]]]
Click on Process Button [[ChromeDriver: chrome on WINDOWS (97c5e8023ae56903de011cd3f4439b36)] -> xpath: //button[contains(text(),'Process')]]
Select Your Name [[ChromeDriver: chrome on WINDOWS (97c5e8023ae56903de011cd3f4439b36)] -> xpath: //select[@id='userSelect']]
Click on Customer Login Button [[ChromeDriver: chrome on WINDOWS (97c5e8023ae56903de011cd3f4439b36)] -> xpath: //button[@type='submit']]
The customer options are [[[ChromeDriver: chrome on WINDOWS (97c5e8023ae56903de011cd3f4439b36)] -> xpath: //div[@class='borderM box padT20 ng-scope']/div[3]//button], [[ChromeDriver: chrome on WINDOWS (97c5e8023ae56903de011cd3f4439b36)] -> xpath: //div[@class='borderM box padT20 ng-scope']/div[3]//button], [[ChromeDriver: chrome on WINDOWS (97c5e8023ae56903de011cd3f4439b36)] -> xpath: //div[@class='borderM box padT20 ng-scope']/div[3]//button]]
Send text to deposit field and click deposit button 
The deposit amount is [[ChromeDriver: chrome on WINDOWS (97c5e8023ae56903de011cd3f4439b36)] -> xpath: //input[@placeholder='amount']]
Click on Deposit Button [[ChromeDriver: chrome on WINDOWS (97c5e8023ae56903de011cd3f4439b36)] -> xpath: //button[@type='submit']]
Click on Home Button [[ChromeDriver: chrome on WINDOWS (97c5e8023ae56903de011cd3f4439b36)] -> xpath: //button[contains(text(),'Home')]]
Click on login button[[ChromeDriver: chrome on WINDOWS (97c5e8023ae56903de011cd3f4439b36)] -> xpath: //button[contains(text(),'Customer Login')]]
Select Your Name [[ChromeDriver: chrome on WINDOWS (97c5e8023ae56903de011cd3f4439b36)] -> xpath: //select[@id='userSelect']]
Click on login button[[ChromeDriver: chrome on WINDOWS (97c5e8023ae56903de011cd3f4439b36)] -> xpath: //button[@class='btn btn-default']]
Click on Deposit Button [[ChromeDriver: chrome on WINDOWS (97c5e8023ae56903de011cd3f4439b36)] -> xpath: (//button[@class='btn btn-lg tab'])[3]]
Send text to withdrawl field [[ChromeDriver: chrome on WINDOWS (97c5e8023ae56903de011cd3f4439b36)] -> xpath: //input[@type='number']]
Click on Deposit Button [[ChromeDriver: chrome on WINDOWS (97c5e8023ae56903de011cd3f4439b36)] -> xpath: //button[@type='submit']]
Transaction successful message [[ChromeDriver: chrome on WINDOWS (97c5e8023ae56903de011cd3f4439b36)] -> xpath: //div[@class='ng-scope']/span[@ng-show='message']]
Click to see screenshot
<a target = "_blank" href=C:\Users\nik_7\IdeaProjects\project5-xyzbank-pagefactory-nauman/test-output/html/customerShouldWithdrawMoneySuccessfullyTue_Dec_13_21_42_09_GMT_2022.jpg>Screenshot</a>
<br>
<br>
<a target = "_blank" href=C:\Users\nik_7\IdeaProjects\project5-xyzbank-pagefactory-nauman/test-output/html/customerShouldWithdrawMoneySuccessfullyTue_Dec_13_21_42_09_GMT_2022.jpg><img src=C:\Users\nik_7\IdeaProjects\project5-xyzbank-pagefactory-nauman/test-output/html/customerShouldWithdrawMoneySuccessfullyTue_Dec_13_21_42_09_GMT_2022.jpg height=200 width=200></img></a>]]>
  </system-out>
  <testcase name="bankManagerShouldAddCustomerSuccessfully" time="3.670" classname="com.bank.testsuite.BankTest"/>
  <system-out>
    <![CDATA[The home page options are [[[ChromeDriver: chrome on WINDOWS (13e7d84d7600df7892659dca1d7c66b7)] -> xpath: //div[@class='borderM box padT20']//button], [[ChromeDriver: chrome on WINDOWS (13e7d84d7600df7892659dca1d7c66b7)] -> xpath: //div[@class='borderM box padT20']//button]]
The Bank manager options are [[[ChromeDriver: chrome on WINDOWS (13e7d84d7600df7892659dca1d7c66b7)] -> xpath: //div[@class='center']//button[@class='btn btn-lg tab']], [[ChromeDriver: chrome on WINDOWS (13e7d84d7600df7892659dca1d7c66b7)] -> xpath: //div[@class='center']//button[@class='btn btn-lg tab']], [[ChromeDriver: chrome on WINDOWS (13e7d84d7600df7892659dca1d7c66b7)] -> xpath: //div[@class='center']//button[@class='btn btn-lg tab']]]
Enter First Name  Shaun[[ChromeDriver: chrome on WINDOWS (13e7d84d7600df7892659dca1d7c66b7)] -> xpath: //input[@placeholder='First Name']]
Enter Last Name  Dead[[ChromeDriver: chrome on WINDOWS (13e7d84d7600df7892659dca1d7c66b7)] -> xpath: //input[@placeholder='Last Name']]
Enter Postcode  BB1 [[ChromeDriver: chrome on WINDOWS (13e7d84d7600df7892659dca1d7c66b7)] -> xpath: //input[@placeholder='Post Code']]
Click on Add Customer Button [[ChromeDriver: chrome on WINDOWS (13e7d84d7600df7892659dca1d7c66b7)] -> xpath: //button[@class='btn btn-default']]
Click to see screenshot
<a target = "_blank" href=C:\Users\nik_7\IdeaProjects\project5-xyzbank-pagefactory-nauman/test-output/html/bankManagerShouldAddCustomerSuccessfullyTue_Dec_13_21_41_35_GMT_2022.jpg>Screenshot</a>
<br>
<br>
<a target = "_blank" href=C:\Users\nik_7\IdeaProjects\project5-xyzbank-pagefactory-nauman/test-output/html/bankManagerShouldAddCustomerSuccessfullyTue_Dec_13_21_41_35_GMT_2022.jpg><img src=C:\Users\nik_7\IdeaProjects\project5-xyzbank-pagefactory-nauman/test-output/html/bankManagerShouldAddCustomerSuccessfullyTue_Dec_13_21_41_35_GMT_2022.jpg height=200 width=200></img></a>]]>
  </system-out>
</testsuite> <!-- com.bank.testsuite.BankTest -->
